<?xml version="1.0" encoding="UTF-8"?>
<!-- Generated by org.testng.reporters.JUnitXMLReporter -->
<testsuite hostname="LAPTOP-LKM43T0H" ignored="0" name="First Teting Framework" tests="3" failures="0" timestamp="23 Oct 2020 22:39:58 GMT" time="31.392" errors="0">
  <testcase name="StartTest" time="3.741" classname="testScripts.FbSignUpTesTNGScript"/>
  <testcase name="yahooLogin" time="0.605" classname="testScripts.YahooLoginTestNGScript"/>
  <testcase name="SignUpPageTest" time="3.626" classname="testScripts.PracticeTest"/>
</testsuite> <!-- First Teting Framework -->
