<?xml version="1.0" encoding="UTF-8"?>
<testng-results ignored="0" total="1" passed="1" failed="0" skipped="0">
  <reporter-output>
  </reporter-output>
  <suite started-at="2021-01-03T21:23:25 EST" name="Default suite" finished-at="2021-01-03T21:23:28 EST" duration-ms="2447">
    <groups>
    </groups>
    <test started-at="2021-01-03T21:23:25 EST" name="Default test" finished-at="2021-01-03T21:23:28 EST" duration-ms="2447">
      <class name="getRequest.GetData">
        <test-method signature="testResponsecode()[pri:0, instance:getRequest.GetData@161479c6]" started-at="2021-01-03T21:23:25 EST" name="testResponsecode" finished-at="2021-01-03T21:23:28 EST" duration-ms="2416" status="PASS">
          <reporter-output>
          </reporter-output>
        </test-method> <!-- testResponsecode -->
      </class> <!-- getRequest.GetData -->
    </test> <!-- Default test -->
  </suite> <!-- Default suite -->
</testng-results>
