<?xml version="1.0" encoding="UTF-8"?>
<testng-results ignored="0" total="2" passed="2" failed="0" skipped="0">
  <reporter-output>
  </reporter-output>
  <suite started-at="2021-01-04T12:35:51 EST" name="Default suite" finished-at="2021-01-04T12:35:54 EST" duration-ms="3123">
    <groups>
    </groups>
    <test started-at="2021-01-04T12:35:51 EST" name="Default test" finished-at="2021-01-04T12:35:54 EST" duration-ms="3123">
      <class name="getRequest.GetData">
        <test-method signature="testResponsecode()[pri:0, instance:getRequest.GetData@4313f5bc]" started-at="2021-01-04T12:35:51 EST" name="testResponsecode" finished-at="2021-01-04T12:35:53 EST" duration-ms="2394" status="PASS">
          <reporter-output>
          </reporter-output>
        </test-method> <!-- testResponsecode -->
        <test-method signature="testbody()[pri:0, instance:getRequest.GetData@4313f5bc]" started-at="2021-01-04T12:35:53 EST" name="testbody" finished-at="2021-01-04T12:35:54 EST" duration-ms="691" status="PASS">
          <reporter-output>
          </reporter-output>
        </test-method> <!-- testbody -->
      </class> <!-- getRequest.GetData -->
    </test> <!-- Default test -->
  </suite> <!-- Default suite -->
</testng-results>
