<?xml version="1.0" encoding="UTF-8"?>
<!-- Generated by org.testng.reporters.JUnitXMLReporter -->
<testsuite hostname="LAPTOP-LKM43T0H" ignored="0" name="Default test" tests="3" failures="0" timestamp="15 Nov 2020 16:38:03 GMT" time="10.343" errors="0">
  <testcase name="SignUpValidation" time="0.066" classname="homeWorkTestNGScripts.PhpTravels_SignUpTestNGScript"/>
  <testcase name="URLandTitleValidation" time="2.016" classname="homeWorkTestNGScripts.PhpTravels_SignUpTestNGScript"/>
  <testcase name="SiginUpForm" time="0.543" classname="homeWorkTestNGScripts.PhpTravels_SignUpTestNGScript"/>
</testsuite> <!-- Default test -->
